<?xml version="1.0" encoding="UTF-8"?>
<!-- Generated by org.testng.reporters.JUnitReportReporter -->
<testsuite skipped="0" hostname="DESKTOP-K9EHMR9" name="TestCases.LoginTest" tests="1" failures="0" timestamp="2022-01-28T17:40:06 IST" time="13.046" errors="0">
  <testcase name="verifyLoginWithValidCred" time="13.046" classname="TestCases.LoginTest"/>
  <system-out/>
</testsuite> <!-- TestCases.LoginTest -->
