<?xml version="1.0" encoding="UTF-8"?>
<!-- Generated by org.testng.reporters.JUnitReportReporter -->
<testsuite skipped="0" hostname="DESKTOP-K9EHMR9" name="TestCases.LoginTest" tests="1" failures="0" timestamp="2021-06-29T18:38:38 IST" time="19.706" errors="0">
  <testcase name="verifyLoginWithValidCred" time="19.706" classname="TestCases.LoginTest"/>
  <system-out/>
</testsuite> <!-- TestCases.LoginTest -->
