<?xml version="1.0" encoding="UTF-8"?>
<!-- Generated by org.testng.reporters.JUnitReportReporter -->
<testsuite skipped="0" hostname="DESKTOP-K9EHMR9" name="TestCases.LoginTest" tests="1" failures="0" timestamp="2021-07-13T12:45:50 IST" time="14.845" errors="0">
  <testcase name="verifyLoginWithValidCred" time="14.845" classname="TestCases.LoginTest"/>
  <system-out/>
</testsuite> <!-- TestCases.LoginTest -->
