<?xml version="1.0" encoding="UTF-8"?>
<!-- Generated by org.testng.reporters.JUnitReportReporter -->
<testsuite skipped="0" hostname="DESKTOP-K9EHMR9" name="TestCases.SectionsVerification" tests="1" failures="0" timestamp="2021-07-13T12:45:50 IST" time="10.146" errors="0">
  <testcase name="verifySectionHeadings" time="10.146" classname="TestCases.SectionsVerification"/>
  <system-out/>
</testsuite> <!-- TestCases.SectionsVerification -->
